<?xml version="1.0" encoding="UTF-8"?>
<testsuite name="model.PersonTest" tests="1" skipped="0" failures="0" errors="0" timestamp="2018-03-09T21:46:06" hostname="MICHALP-PC" time="0.002">
  <properties/>
  <testcase name="testConstructor" classname="model.PersonTest" time="0.002"/>
  <system-out><![CDATA[]]></system-out>
  <system-err><![CDATA[]]></system-err>
</testsuite>
